  ShapeGenerator.cpp
C:\Users\xuezi\Documents\Github Project\ta3\studentProject\studentProject\studentProject\Primitives\ShapeGenerator.cpp(328,20): warning C4018: '<': signed/unsigned mismatch
C:\Users\xuezi\Documents\Github Project\ta3\studentProject\studentProject\studentProject\Primitives\ShapeGenerator.cpp(330,21): warning C4018: '<': signed/unsigned mismatch
C:\Users\xuezi\Documents\Github Project\ta3\studentProject\studentProject\studentProject\Primitives\ShapeGenerator.cpp(333,28): warning C4244: '=': conversion from 'int' to 'T', possible loss of data
          with
          [
              T=float
          ]
C:\Users\xuezi\Documents\Github Project\ta3\studentProject\studentProject\studentProject\Primitives\ShapeGenerator.cpp(334,28): warning C4244: '=': conversion from 'int' to 'T', possible loss of data
          with
          [
              T=float
          ]
C:\Users\xuezi\Documents\Github Project\ta3\studentProject\studentProject\studentProject\Primitives\ShapeGenerator.cpp(349,24): warning C4018: '<': signed/unsigned mismatch
C:\Users\xuezi\Documents\Github Project\ta3\studentProject\studentProject\studentProject\Primitives\ShapeGenerator.cpp(351,25): warning C4018: '<': signed/unsigned mismatch
C:\Users\xuezi\Documents\Github Project\ta3\studentProject\studentProject\studentProject\Primitives\ShapeGenerator.cpp(373,24): warning C4018: '<': signed/unsigned mismatch
C:\Users\xuezi\Documents\Github Project\ta3\studentProject\studentProject\studentProject\Primitives\ShapeGenerator.cpp(376,25): warning C4018: '<': signed/unsigned mismatch
C:\Users\xuezi\Documents\Github Project\ta3\studentProject\studentProject\studentProject\Primitives\TeapotData.h(202,2): warning C4305: 'initializing': truncation from 'double' to 'float'
C:\Users\xuezi\Documents\Github Project\ta3\studentProject\studentProject\studentProject\Primitives\ShapeGenerator.cpp(679,19): warning C4244: 'initializing': conversion from 'uint' to 'float', possible loss of data
C:\Users\xuezi\Documents\Github Project\ta3\studentProject\studentProject\studentProject\Primitives\ShapeGenerator.cpp(730,37): warning C4244: '=': conversion from 'double' to 'T', possible loss of data
          with
          [
              T=float
          ]
C:\Users\xuezi\Documents\Github Project\ta3\studentProject\studentProject\studentProject\Primitives\ShapeGenerator.cpp(731,37): warning C4244: '=': conversion from 'double' to 'T', possible loss of data
          with
          [
              T=float
          ]
C:\Users\xuezi\Documents\Github Project\ta3\studentProject\studentProject\studentProject\Primitives\ShapeGenerator.cpp(732,26): warning C4244: '=': conversion from 'double' to 'T', possible loss of data
          with
          [
              T=float
          ]
C:\Users\xuezi\Documents\Github Project\ta3\studentProject\studentProject\studentProject\Primitives\ShapeGenerator.cpp(745,20): warning C4018: '<': signed/unsigned mismatch
C:\Users\xuezi\Documents\Github Project\ta3\studentProject\studentProject\studentProject\Primitives\ShapeGenerator.cpp(758,20): warning C4018: '<': signed/unsigned mismatch
  main.cpp
C:\Users\xuezi\Documents\Github Project\ta3\studentProject\studentProject\studentProject\main.cpp(51,25): warning C4244: '=': conversion from 'GLsizeiptr' to 'GLuint', possible loss of data
C:\Users\xuezi\Documents\Github Project\ta3\studentProject\studentProject\studentProject\main.cpp(57,25): warning C4244: '=': conversion from 'GLsizeiptr' to 'GLuint', possible loss of data
C:\Users\xuezi\Documents\Github Project\ta3\studentProject\studentProject\studentProject\main.cpp(63,25): warning C4244: '=': conversion from 'GLsizeiptr' to 'GLuint', possible loss of data
C:\Users\xuezi\Documents\Github Project\ta3\studentProject\studentProject\studentProject\main.cpp(69,28): warning C4244: '=': conversion from 'GLsizeiptr' to 'GLuint', possible loss of data
C:\Users\xuezi\Documents\Github Project\ta3\studentProject\studentProject\studentProject\main.cpp(102,24): warning C4244: 'initializing': conversion from 'GLsizeiptr' to 'GLuint', possible loss of data
C:\Users\xuezi\Documents\Github Project\ta3\studentProject\studentProject\studentProject\main.cpp(103,89): warning C4312: 'type cast': conversion from 'GLuint' to 'void *' of greater size
C:\Users\xuezi\Documents\Github Project\ta3\studentProject\studentProject\studentProject\main.cpp(113,25): warning C4244: 'initializing': conversion from 'GLsizeiptr' to 'GLuint', possible loss of data
C:\Users\xuezi\Documents\Github Project\ta3\studentProject\studentProject\studentProject\main.cpp(114,90): warning C4312: 'type cast': conversion from 'GLuint' to 'void *' of greater size
C:\Users\xuezi\Documents\Github Project\ta3\studentProject\studentProject\studentProject\main.cpp(124,28): warning C4244: 'initializing': conversion from 'GLsizeiptr' to 'GLuint', possible loss of data
C:\Users\xuezi\Documents\Github Project\ta3\studentProject\studentProject\studentProject\main.cpp(125,93): warning C4312: 'type cast': conversion from 'GLuint' to 'void *' of greater size
C:\Users\xuezi\Documents\Github Project\ta3\studentProject\studentProject\studentProject\main.cpp(174,95): warning C4312: 'type cast': conversion from 'GLuint' to 'void *' of greater size
C:\Users\xuezi\Documents\Github Project\ta3\studentProject\studentProject\studentProject\main.cpp(185,95): warning C4312: 'type cast': conversion from 'GLuint' to 'void *' of greater size
C:\Users\xuezi\Documents\Github Project\ta3\studentProject\studentProject\studentProject\main.cpp(196,95): warning C4312: 'type cast': conversion from 'GLuint' to 'void *' of greater size
C:\Users\xuezi\Documents\Github Project\ta3\studentProject\studentProject\studentProject\main.cpp(269,19): warning C4305: '+=': truncation from 'double' to 'T'
          with
          [
              T=float
          ]
C:\Users\xuezi\Documents\Github Project\ta3\studentProject\studentProject\studentProject\main.cpp(273,20): warning C4305: '-=': truncation from 'double' to 'T'
          with
          [
              T=float
          ]
C:\Users\xuezi\Documents\Github Project\ta3\studentProject\studentProject\studentProject\main.cpp(277,20): warning C4305: '+=': truncation from 'double' to 'T'
          with
          [
              T=float
          ]
C:\Users\xuezi\Documents\Github Project\ta3\studentProject\studentProject\studentProject\main.cpp(281,20): warning C4305: '-=': truncation from 'double' to 'T'
          with
          [
              T=float
          ]
C:\Users\xuezi\Documents\Github Project\ta3\studentProject\studentProject\studentProject\main.cpp(291,10): warning C4244: '-=': conversion from 'double' to 'float', possible loss of data
  Generating Code...
LINK : warning LNK4098: defaultlib 'MSVCRT' conflicts with use of other libs; use /NODEFAULTLIB:library
  studentProject.vcxproj -> C:\Users\xuezi\Documents\Github Project\ta3\studentProject\studentProject\x64\Debug\studentProject.exe
